[16:40:19] [main/INFO]: Loading Minecraft 1.18.1 with Fabric Loader 0.12.12
[16:40:19] [main/INFO]: Fabric is preparing JARs on first launch, this may take a few seconds...
[16:40:25] [main/WARN]: Warnings were found!
 - Mod 'Fabric Rendering Fluids (v1)' (fabric-rendering-fluids-v1) 0.1.18+3ac43d95c8 recommends any version of fabric-textures-v0, which is missing!
	 - You should install any version of fabric-textures-v0 for the optimal experience.
[16:40:25] [main/INFO]: Loading 13 mods:
	- fabric-api-base 0.4.1+b4f4f6cdc8 via sodium
	- fabric-key-binding-api-v1 1.0.8+c8aba2f3c8 via iris
	- fabric-rendering-data-attachment-v1 0.3.4+7242e9d7c8 via sodium
	- fabric-rendering-fluids-v1 0.1.18+3ac43d95c8 via sodium
	- fabric-resource-loader-v0 0.4.11+3ac43d95c8 via iris
	- fabricloader 0.12.12
	- iris 1.2.0-pre
	- java 17
	- minecraft 1.18.1
	- org_anarres_jcpp 1.4.14 via iris
	- org_joml_joml 1.10.2 via sodium
	- org_slf4j_slf4j-api 1.7.12 via iris
	- sodium 0.4.0-alpha6+build.14
[16:40:25] [main/INFO]: SpongePowered MIXIN Subsystem Version=0.8.4 Source=file:/C:/Users/lensk/AppData/Roaming/.minecraft/libraries/net/fabricmc/sponge-mixin/0.10.7+mixin.0.8.4/sponge-mixin-0.10.7+mixin.0.8.4.jar Service=Knot/Fabric Env=CLIENT
[16:40:25] [main/INFO]: Compatibility level set to JAVA_16
[16:40:25] [main/INFO]: Compatibility level set to JAVA_17
[16:40:26] [main/INFO]: Loaded configuration file for Sodium: 29 options available, 1 override(s) found
[16:40:26] [main/WARN]: Force-disabling mixin 'features.sky.MixinWorldRenderer' as rule 'mixin.features.sky' (added by mods [iris]) disables it and children
[16:40:26] [main/INFO]: Trying to switch memory allocators to work around memory leaks present with Jemalloc 5.0.0 through 5.2.0 on Windows
[16:40:27] [main/WARN]: Failed to add PDH Counter: \Paging File(_Total)\% Usage, Error code: 0xC0000BB8
[16:40:27] [main/WARN]: Failed to add counter for PDH counter: \Paging File(_Total)\% Usage
[16:40:27] [main/WARN]: Disabling further attempts to query Paging File.
[16:40:27] [main/WARN]: COM exception: Invalid Query: SELECT PERCENTUSAGE FROM Win32_PerfRawData_PerfOS_PagingFile
[16:40:33] [Render thread/WARN]: Method overwrite conflict for method_22920 in sodium.mixins.json:features.buffer_builder.intrinsics.MixinBufferBuilder, previously written by net.coderbot.iris.mixin.vertices.block_rendering.MixinBufferBuilder_SeparateAo. Skipping method.
[16:40:35] [Render thread/INFO]: Environment: authHost='https://authserver.mojang.com', accountsHost='https://api.mojang.com', sessionHost='https://sessionserver.mojang.com', servicesHost='https://api.minecraftservices.com', name='PROD'
[16:40:35] [Render thread/INFO]: Setting user: SobeTheArmata
[16:40:36] [Render thread/INFO]: Backend library: LWJGL version 3.2.2 build 10
[16:40:37] [Render thread/INFO]: Shaders are disabled because no valid shaderpack is selected
[16:40:37] [Render thread/INFO]: Shaders are disabled
[16:40:38] [Render thread/INFO]: Hardware information:
[16:40:38] [Render thread/INFO]: CPU: 8x AMD Ryzen 3 3100 4-Core Processor 
[16:40:38] [Render thread/INFO]: GPU: Radeon RX 570 Series (Supports OpenGL 3.2.14800 Core Profile Forward-Compatible Context 22.3.1 30.0.15002.1004)
[16:40:38] [Render thread/INFO]: OS: Windows 10 (10.0)
[16:40:39] [Render thread/WARN]: Method overwrite conflict for getNativeMemoryUsage in sodium.mixins.json:features.debug.MixinDebugHud, previously written by net.coderbot.iris.mixin.MixinDebugScreenOverlay. Skipping method.
[16:40:39] [Render thread/INFO]: Narrator library for x64 successfully loaded
[16:40:40] [Render thread/INFO]: Reloading ResourceManager: Default, Fabric Mods (Fabric API Base, Fabric Key Binding API (v1), Fabric Rendering Data Attachment (v1), Fabric Rendering Fluids (v1), Fabric Resource Loader (v0), Fabric Loader, Iris, Sodium)
[16:40:45] [Render thread/INFO]: OpenAL initialized on device OpenAL Soft on Speakers (Realtek High Definition Audio)
[16:40:45] [Render thread/INFO]: Sound engine started
[16:40:45] [Render thread/INFO]: Created: 1024x1024x4 minecraft:textures/atlas/blocks.png-atlas
[16:40:45] [Render thread/INFO]: Created: 256x128x4 minecraft:textures/atlas/signs.png-atlas
[16:40:45] [Render thread/INFO]: Created: 1024x512x4 minecraft:textures/atlas/banner_patterns.png-atlas
[16:40:45] [Render thread/INFO]: Created: 1024x512x4 minecraft:textures/atlas/shield_patterns.png-atlas
[16:40:45] [Render thread/INFO]: Created: 256x256x4 minecraft:textures/atlas/chest.png-atlas
[16:40:45] [Render thread/INFO]: Created: 512x256x4 minecraft:textures/atlas/beds.png-atlas
[16:40:45] [Render thread/INFO]: Created: 512x256x4 minecraft:textures/atlas/shulker_boxes.png-atlas
[16:40:47] [Render thread/INFO]: Created: 256x256x0 minecraft:textures/atlas/particles.png-atlas
[16:40:47] [Render thread/INFO]: Created: 256x256x0 minecraft:textures/atlas/paintings.png-atlas
[16:40:47] [Render thread/INFO]: Created: 256x128x0 minecraft:textures/atlas/mob_effects.png-atlas
[16:41:13] [Render thread/INFO]: Flushed changes to Minecraft configuration
[16:41:15] [Render thread/INFO]: Flushed changes to Minecraft configuration
[16:41:26] [Render thread/INFO]: Connecting to coconutcraft.apexmc.co, 25565
[16:41:27] [Render thread/INFO]: Started 2 worker threads
[16:41:27] [Render thread/INFO]: Environment: authHost='https://authserver.mojang.com', accountsHost='https://api.mojang.com', sessionHost='https://sessionserver.mojang.com', servicesHost='https://api.minecraftservices.com', name='PROD'
[16:41:28] [Render thread/INFO]: [CHAT] [mcMMO] Overhaul Era - 2.1.200
[16:41:28] [Render thread/INFO]: [CHAT] [mcMMO] https://www.mcmmo.org - mcMMO Website
[16:41:28] [Render thread/INFO]: [CHAT] SobeTheArmata joined the game
[16:41:28] [Render thread/INFO]: Loaded 10 advancements
[16:41:28] [Render thread/INFO]: [CHAT] Welcome, SobeTheArmata!
[16:41:28] [Render thread/INFO]: [CHAT] Type /help for a list of commands.
[16:41:28] [Render thread/INFO]: [CHAT] Type /list to see who else is online.
[16:41:28] [Render thread/INFO]: [CHAT] Players online: 1 - World time: 3:44 PM
[16:41:28] [Render thread/INFO]: Creating pipeline for dimension OVERWORLD
[16:41:28] [Render thread/INFO]: Stopping worker threads
[16:41:28] [Render thread/INFO]: Started 2 worker threads
[16:41:42] [Render thread/INFO]: Loaded 11 advancements
[16:41:43] [Render thread/INFO]: [CHAT] Herbalism increased to 1.
[16:41:44] [Render thread/INFO]: [CHAT] [ mcMMO @Double Drops Rank 1 Unlocked! ]
[16:41:44] [Render thread/INFO]: Loaded 12 advancements
[16:41:51] [Render thread/INFO]: [CHAT] Herbalism increased to 2.
[16:41:56] [Render thread/INFO]: [CHAT] Herbalism increased to 3.
[16:42:33] [Render thread/INFO]: Loaded 27 advancements
[16:43:02] [Render thread/INFO]: [CHAT] Respawn point set
[16:43:21] [Render thread/INFO]: [CHAT] Acrobatics increased to 1.
[16:43:21] [Render thread/INFO]: [CHAT] [ mcMMO @Dodge Rank 1 Unlocked! ]
[16:46:00] [Render thread/INFO]: [CHAT] SobeTheArmata has made the advancement [Sweet Dreams]
[16:46:00] [Render thread/INFO]: Loaded 32 advancements
[16:46:05] [Render thread/INFO]: [CHAT] SobeTheArmata went to sleep. Sweet dreams!
[16:46:09] [Render thread/INFO]: [CHAT] <SobeTheArmata> based
[16:46:10] [Render thread/INFO]: Stopping worker threads
[17:28:09] [Render thread/INFO]: Stopping!
